<?xml version="1.0" encoding="UTF-8"?>
<!-- Generated by org.testng.reporters.JUnitReportReporter -->
<testsuite skipped="0" hostname="Sri" name="sri.writeXML.Writexml" tests="2" failures="0" timestamp="20 Feb 2018 17:24:25 GMT" time="1.475" errors="0">
  <testcase name="getTestcases" time="1.386" classname="sri.writeXML.Writexml"/>
  <testcase name="startWriting" time="0.089" classname="sri.writeXML.Writexml"/>
</testsuite> <!-- sri.writeXML.Writexml -->
