<?xml version="1.0" encoding="UTF-8"?>
<!-- Generated by org.testng.reporters.JUnitReportReporter -->
<testsuite skipped="0" hostname="Sri" name="sri.srikanth.Home" tests="1" failures="0" timestamp="17 Feb 2018 14:55:05 GMT" time="20.318" errors="0">
  <testcase name="verifyHomeScreen" time="20.318" classname="sri.srikanth.Home"/>
</testsuite> <!-- sri.srikanth.Home -->
