<?xml version="1.0" encoding="UTF-8"?>
<!-- Generated by org.testng.reporters.JUnitReportReporter -->
<testsuite skipped="0" hostname="Sri" name="sri.srikanth.Buy" tests="1" failures="0" timestamp="10 Feb 2018 07:32:58 GMT" time="57.711" errors="0">
  <testcase name="buy" time="57.711" classname="sri.srikanth.Buy"/>
</testsuite> <!-- sri.srikanth.Buy -->
