<?xml version="1.0" encoding="UTF-8"?>
<!-- Generated by org.testng.reporters.JUnitReportReporter -->
<testsuite skipped="0" hostname="Sri" name="sri.writeXML.Writexml" tests="2" failures="0" timestamp="07 Feb 2018 02:56:16 GMT" time="2.645" errors="0">
  <testcase name="getTestcases" time="2.382" classname="sri.writeXML.Writexml"/>
  <testcase name="startWriting" time="0.263" classname="sri.writeXML.Writexml"/>
</testsuite> <!-- sri.writeXML.Writexml -->
