<?xml version="1.0" encoding="UTF-8"?>
<!-- Generated by org.testng.reporters.JUnitReportReporter -->
<testsuite skipped="0" hostname="Sri" name="sri.writeXML.Writexml" tests="2" failures="0" timestamp="17 Feb 2018 14:55:06 GMT" time="1.764" errors="0">
  <testcase name="getTestcases" time="1.426" classname="sri.writeXML.Writexml"/>
  <testcase name="startWriting" time="0.338" classname="sri.writeXML.Writexml"/>
</testsuite> <!-- sri.writeXML.Writexml -->
