<?xml version="1.0" encoding="UTF-8"?>
<!-- Generated by org.testng.reporters.JUnitReportReporter -->
<testsuite hostname="Srikanth-PC" failures="0" tests="2" name="sri.writeXML.Writexml" time="3.440" errors="0" timestamp="28 Jul 2018 07:38:03 GMT" skipped="0">
  <testcase classname="sri.writeXML.Writexml" name="getTestcases" time="3.163"/>
  <testcase classname="sri.writeXML.Writexml" name="startWriting" time="0.277"/>
</testsuite> <!-- sri.writeXML.Writexml -->
