<?xml version="1.0" encoding="UTF-8"?>
<!-- Generated by org.testng.reporters.JUnitReportReporter -->
<testsuite skipped="0" hostname="Sri" name="sri.writeXML.Writexml" tests="2" failures="0" timestamp="10 Feb 2018 07:32:59 GMT" time="6.876" errors="0">
  <testcase name="getTestcases" time="6.281" classname="sri.writeXML.Writexml"/>
  <testcase name="startWriting" time="0.595" classname="sri.writeXML.Writexml"/>
</testsuite> <!-- sri.writeXML.Writexml -->
