<?xml version="1.0" encoding="UTF-8"?>
<!-- Generated by org.testng.reporters.JUnitReportReporter -->
<testsuite skipped="0" hostname="Sri" name="sri.srikanth.Login_App" tests="1" failures="0" timestamp="17 Feb 2018 14:55:05 GMT" time="37.870" errors="0">
  <testcase name="Login" time="37.870" classname="sri.srikanth.Login_App"/>
</testsuite> <!-- sri.srikanth.Login_App -->
