<?xml version="1.0" encoding="UTF-8"?>
<!-- Generated by org.testng.reporters.JUnitReportReporter -->
<testsuite skipped="0" hostname="Sri" name="sri.srikanth.car" tests="1" failures="0" timestamp="08 Feb 2018 03:26:30 GMT" time="7.895" errors="0">
  <testcase name="browser" time="7.895" classname="sri.srikanth.car"/>
</testsuite> <!-- sri.srikanth.car -->
