<?xml version="1.0" encoding="UTF-8"?>
<!-- Generated by org.testng.reporters.JUnitReportReporter -->
<testsuite skipped="0" hostname="Sri" name="sri.srikanth.Login_App" tests="1" failures="0" timestamp="10 Feb 2018 07:22:00 GMT" time="69.067" errors="0">
  <testcase name="Login" time="69.067" classname="sri.srikanth.Login_App"/>
</testsuite> <!-- sri.srikanth.Login_App -->
