<?xml version="1.0" encoding="UTF-8"?>
<!-- Generated by org.testng.reporters.JUnitReportReporter -->
<testsuite skipped="0" hostname="Sri" name="sri.srikanth.Login_App" tests="1" failures="0" timestamp="09 Feb 2018 04:09:35 GMT" time="65.277" errors="0">
  <testcase name="Login" time="65.277" classname="sri.srikanth.Login_App"/>
</testsuite> <!-- sri.srikanth.Login_App -->
