<?xml version="1.0" encoding="UTF-8"?>
<!-- Generated by org.testng.reporters.JUnitReportReporter -->
<testsuite skipped="0" hostname="Sri" name="sri.srikanth.Buy" tests="1" failures="0" timestamp="08 Feb 2018 18:07:51 GMT" time="58.593" errors="0">
  <testcase name="buy" time="58.593" classname="sri.srikanth.Buy"/>
</testsuite> <!-- sri.srikanth.Buy -->
