<?xml version="1.0" encoding="UTF-8"?>
<!-- Generated by org.testng.reporters.JUnitReportReporter -->
<testsuite skipped="1" hostname="Sri" name="sri.srikanth.Home" tests="1" failures="0" timestamp="20 Feb 2018 17:24:25 GMT" time="0.000" errors="0">
  <testcase name="verifyHomeScreen" time="0.000" classname="sri.srikanth.Home">
    <skipped/>
  </testcase> <!-- verifyHomeScreen -->
</testsuite> <!-- sri.srikanth.Home -->
